-------------------------------------------------------------------------------
Test set: com.example.spring.SpringbootcinfigserverApplicationTests
-------------------------------------------------------------------------------
Tests run: 1, Failures: 0, Errors: 1, Skipped: 0, Time elapsed: 1.261 s <<< FAILURE! - in com.example.spring.SpringbootcinfigserverApplicationTests
contextLoads  Time elapsed: 0.019 s  <<< ERROR!
java.lang.NoClassDefFoundError: org/springframework/boot/Bootstrapper
Caused by: java.lang.ClassNotFoundException: org.springframework.boot.Bootstrapper

